<?xml version="1.0" encoding="UTF-8"?>
<!-- Generated by org.testng.reporters.JUnitReportReporter -->
<testsuite hostname="AymanHussein" failures="0" tests="1" name="BDD.StartOver.A002Launchmultiplebrowsers" time="28.731" errors="0" timestamp="2025-06-19T18:46:36 CDT" skipped="0">
  <testcase classname="BDD.StartOver.A002Launchmultiplebrowsers" name="LoginTest" time="28.731"/>
  <system-out/>
</testsuite> <!-- BDD.StartOver.A002Launchmultiplebrowsers -->
