<?xml version="1.0" encoding="UTF-8"?>
<!-- Generated by org.testng.reporters.JUnitReportReporter -->
<testsuite hostname="AymanHussein" failures="0" tests="1" name="BDD.StartOver.A003Launchmultiplebrowser2" time="18.655" errors="0" timestamp="2025-06-19T19:52:26 CDT" skipped="0">
  <testcase classname="BDD.StartOver.A003Launchmultiplebrowser2" name="LoginTest" time="18.655"/>
  <system-out/>
</testsuite> <!-- BDD.StartOver.A003Launchmultiplebrowser2 -->
