<?xml version="1.0" encoding="UTF-8"?>
<!-- Generated by org.testng.reporters.JUnitReportReporter -->
<testsuite hostname="AymanHussein" failures="0" tests="1" name="BDD.StartOver.A001TestNG" time="12.273" errors="0" timestamp="2025-06-19T07:35:27 CDT" skipped="0">
  <testcase classname="BDD.StartOver.A001TestNG" name="LoginTest" time="12.273"/>
  <system-out/>
</testsuite> <!-- BDD.StartOver.A001TestNG -->
